[21:25:07.638] Log Level: 2
[21:25:07.640] remote-ssh@0.90.1
[21:25:07.640] linux x64
[21:25:07.649] SSH Resolver called for "ssh-remote+hust02", attempt 1
[21:25:07.650] "remote.SSH.useLocalServer": true
[21:25:07.650] "remote.SSH.path": undefined
[21:25:07.651] "remote.SSH.configFile": undefined
[21:25:07.651] "remote.SSH.useFlock": true
[21:25:07.651] "remote.SSH.lockfilesInTmp": false
[21:25:07.651] "remote.SSH.localServerDownload": auto
[21:25:07.651] "remote.SSH.remoteServerListenOnSocket": false
[21:25:07.651] "remote.SSH.showLoginTerminal": false
[21:25:07.652] "remote.SSH.defaultExtensions": []
[21:25:07.652] "remote.SSH.loglevel": 2
[21:25:07.652] "remote.SSH.enableDynamicForwarding": true
[21:25:07.652] "remote.SSH.enableRemoteCommand": false
[21:25:07.652] "remote.SSH.serverPickPortsFromRange": {}
[21:25:07.653] "remote.SSH.serverInstallPath": {}
[21:25:07.670] SSH Resolver called for host: hust02
[21:25:07.670] Setting up SSH remote "hust02"
[21:25:07.679] Acquiring local install lock: /tmp/vscode-remote-ssh-d8136d83-install.lock
[21:25:07.685] Looking for existing server data file at /home/xyw/Documents/Code/cpp/recruitment-2022-spring/task1-multi-thread/.vscode-root/User/globalStorage/ms-vscode-remote.remote-ssh/vscode-ssh-host-d8136d83-784b0177c56c607789f9638da7b6bf3230d47a8c-0.90.1/data.json
[21:25:07.686] Using commit id "784b0177c56c607789f9638da7b6bf3230d47a8c" and quality "stable" for server
[21:25:07.693] Install and start server if needed
[21:25:07.707] PATH: /usr/local/sbin:/usr/local/bin:/usr/sbin:/usr/bin:/sbin:/bin:/snap/bin
[21:25:07.708] Checking ssh with "ssh -V"
[21:25:07.740] > OpenSSH_8.2p1 Ubuntu-4ubuntu0.5, OpenSSL 1.1.1f  31 Mar 2020

[21:25:07.749] askpass server listening on /tmp/vscode-ssh-askpass-1f2a0f2acac32566b50e7534da26d3a199f9f88b.sock
[21:25:07.749] Spawning local server with {"serverId":1,"ipcHandlePath":"/tmp/vscode-ssh-askpass-45eaf4b4f920bb0737b43469330c8cc47ebc3b4b.sock","sshCommand":"ssh","sshArgs":["-v","-T","-D","38537","-o","ConnectTimeout=15","hust02"],"serverDataFolderName":".vscode-server","dataFilePath":"/home/xyw/Documents/Code/cpp/recruitment-2022-spring/task1-multi-thread/.vscode-root/User/globalStorage/ms-vscode-remote.remote-ssh/vscode-ssh-host-d8136d83-784b0177c56c607789f9638da7b6bf3230d47a8c-0.90.1/data.json"}
[21:25:07.749] Local server env: {"SHELL":"/bin/bash","DISPLAY":":0","ELECTRON_RUN_AS_NODE":"1","SSH_ASKPASS":"/root/.vscode/extensions/ms-vscode-remote.remote-ssh-0.90.1/out/local-server/askpass.sh","VSCODE_SSH_ASKPASS_NODE":"/usr/share/code/code","VSCODE_SSH_ASKPASS_EXTRA_ARGS":"--ms-enable-electron-run-as-node","VSCODE_SSH_ASKPASS_MAIN":"/root/.vscode/extensions/ms-vscode-remote.remote-ssh-0.90.1/out/askpass-main.js","VSCODE_SSH_ASKPASS_HANDLE":"/tmp/vscode-ssh-askpass-1f2a0f2acac32566b50e7534da26d3a199f9f88b.sock"}
[21:25:07.759] Spawned 111240
[21:25:07.951] > local-server-1> Spawned ssh, pid=111248
[21:25:07.958] stderr> OpenSSH_8.2p1 Ubuntu-4ubuntu0.5, OpenSSL 1.1.1f  31 Mar 2020
[21:25:08.290] stderr> debug1: Server host key: ecdsa-sha2-nistp256 SHA256:RTYGHnJ48YY8z0RysizPpTP0ShpOGWw9u4R5abt086k
[21:25:08.593] stderr> Authenticated to xz-ct1.cloudiplc.com ([221.229.197.235]:39234).
[21:25:09.504] > Welcome to Ubuntu 20.04.4 LTS (GNU/Linux 5.4.0-136-generic x86_64)
> 
>  * Documentation:  https://help.ubuntu.com
>  * Management:     https://landscape.canonical.com
>  * Support:        https://ubuntu.com/advantage
> 
>   System information as of Tue 04 Apr 2023 09:25:08 PM CST
> 
>   System load:  0.11                Processes:                   1493
>   Usage of /:   47.3% of 889.17GB   Users logged in:             2
>   Memory usage: 4%                  IPv4 address for ens25f0:    172.16.9.234
>   Swap usage:   0%                  IPv4 address for ztc25kybwp: 10.144.184.215
>   Temperature:  48.0 C              IPv4 address for ztc25kybwp: 10.144.39.234
> 
>  * Strictly confined Kubernetes makes edge and IoT secure. Learn how MicroK8s
>    just raised the bar for easy, resilient and secure K8s cluster deployment.
> 
>    https://ubuntu.com/engage/secure-kubernetes-at-the-edge
> 
> 169 updates can be applied immediately.
> To see these additional updates run: apt list --upgradable
> 
> New release '22.04.2 LTS' available.
> Run 'do-release-upgrade' to upgrade to it.
> 
> 
> 1 updates could not be installed automatically. For more details,
> see /var/log/unattended-upgrades/unattended-upgrades.log
> Your Hardware Enablement Stack (HWE) is supported until April 2025.
> 
> *** System restart required ***
[21:25:09.574] > ready: 4e6e89226ca5
[21:25:09.628] > Linux 5.4.0-136-generic #153-Ubuntu SMP Thu Nov 24 15:56:58 UTC 2022
[21:25:09.628] Platform: linux
[21:25:09.684] > /bin/bash
[21:25:09.685] Shell: bash
[21:25:09.685] Creating bash subshell inside "bash"
[21:25:09.746] > bash version:  5.0.17(1)-release
[21:25:09.798] > bash version:  5.0.17(1)-release
[21:25:09.869] > 4e6e89226ca5: running
[21:25:09.946] > Acquiring lock on /home/xyw/.vscode-server/bin/784b0177c56c607789f9638da7b6bf3230d47a8c/vscode-remote-lock.xyw.784b0177c56c607789f9638da7b6bf3230d47a8c
> Found existing installation at /home/xyw/.vscode-server/bin/784b0177c56c607789f9638da7b6bf3230d47a8c...
> Checking /home/xyw/.vscode-server/.784b0177c56c607789f9638da7b6bf3230d47a8c.log and /home/xyw/.vscode-server/.784b0177c56c607789f9638da7b6bf3230d47a8c.pid for a running server
> Looking for server with pid: 2411370
> Starting server with command... /home/xyw/.vscode-server/bin/784b0177c56c607789f9638da7b6bf3230d47a8c/bin/code-server --start-server --host=127.0.0.1 --accept-server-license-terms --enable-remote-auto-shutdown --port=0 --telemetry-level all   &> "/home/xyw/.vscode-server/.784b0177c56c607789f9638da7b6bf3230d47a8c.log" < /dev/null
> printenv:
[21:25:10.025] >     SHELL=/bin/bash
>     LC_ADDRESS=C.UTF-8
>     LC_NAME=C.UTF-8
>     LC_MONETARY=C.UTF-8
>     PWD=/home/xyw
>     NIX_PROFILES=/nix/var/nix/profiles/default /home/xyw/.nix-profile
>     LOGNAME=xyw
>     XDG_SESSION_TYPE=tty
>     MOTD_SHOWN=pam
>     HOME=/home/xyw
>     LC_PAPER=C.UTF-8
>     LANG=C.UTF-8
>     NIX_SSL_CERT_FILE=/etc/ssl/certs/ca-certificates.crt
>     VSCODE_AGENT_FOLDER=/home/xyw/.vscode-server
>     SSH_CONNECTION=127.0.0.1 49948 127.0.0.1 22
>     XDG_SESSION_CLASS=user
>     LC_IDENTIFICATION=C.UTF-8
>     USER=xyw
>     SHLVL=1
>     LC_TELEPHONE=C.UTF-8
>     LC_MEASUREMENT=C.UTF-8
>     XDG_SESSION_ID=16758
>     XDG_RUNTIME_DIR=/run/user/1001
>     SSH_CLIENT=127.0.0.1 49948 22
>     LC_TIME=C.UTF-8
>     XDG_DATA_DIRS=/usr/local/share:/usr/share:/var/lib/snapd/desktop
>     PATH=/home/xyw/.nix-profile/bin:/nix/var/nix/profiles/default/bin:/usr/local/sbin:/usr/local/bin:/usr/sbin:/usr/bin:/sbin:/bin:/usr/games:/usr/local/games:/snap/bin
>     DBUS_SESSION_BUS_ADDRESS=unix:path=/run/user/1001/bus
>     LC_NUMERIC=C.UTF-8
>     _=/usr/bin/printenv
> Removing old logfile at /home/xyw/.vscode-server/.784b0177c56c607789f9638da7b6bf3230d47a8c.log
> Spawned remote server: 2435842
> Waiting for server log...
> Waiting for server log...
[21:25:10.104] >  
> *
> * Reminder: You may only use this software with Visual Studio family products,
> * as described in the license (https://go.microsoft.com/fwlink/?linkid=2077057)
> *
>  
> 4e6e89226ca5: start
> SSH_AUTH_SOCK====
> DISPLAY====
> webUiAccessToken====
> listeningOn==45645==
> osReleaseId==ubuntu==
> arch==x86_64==
> tmpDir==/run/user/1001==
> platform==linux==
> unpackResult====
> didLocalDownload==0==
> downloadTime====
> installTime====
> extInstallTime====
> serverStartTime==86==
> connectionToken==a1111111-111a-1111-aa11-aaa111a11111==
> 4e6e89226ca5: end
[21:25:10.105] Received install output: 
SSH_AUTH_SOCK====
DISPLAY====
webUiAccessToken====
listeningOn==45645==
osReleaseId==ubuntu==
arch==x86_64==
tmpDir==/run/user/1001==
platform==linux==
unpackResult====
didLocalDownload==0==
downloadTime====
installTime====
extInstallTime====
serverStartTime==86==
connectionToken==a1111111-111a-1111-aa11-aaa111a11111==

[21:25:10.106] Remote server is listening on 45645
[21:25:10.107] Parsed server configuration: {"serverConfiguration":{"remoteListeningOn":{"port":45645},"osReleaseId":"ubuntu","arch":"x86_64","webUiAccessToken":"","sshAuthSock":"","display":"","tmpDir":"/run/user/1001","platform":"linux","connectionToken":"a1111111-111a-1111-aa11-aaa111a11111"},"serverStartTime":86,"installUnpackCode":""}
[21:25:10.110] Persisting server connection details to /home/xyw/Documents/Code/cpp/recruitment-2022-spring/task1-multi-thread/.vscode-root/User/globalStorage/ms-vscode-remote.remote-ssh/vscode-ssh-host-d8136d83-784b0177c56c607789f9638da7b6bf3230d47a8c-0.90.1/data.json
[21:25:10.115] Starting forwarding server. localPort 40365 -> socksPort 38537 -> remotePort 45645
[21:25:10.115] Forwarding server listening on 40365
[21:25:10.116] Waiting for ssh tunnel to be ready
[21:25:10.117] [Forwarding server 40365] Got connection 0
[21:25:10.119] Tunneled 45645 to local port 40365
[21:25:10.120] Resolved "ssh-remote+hust02" to "127.0.0.1:40365"
[21:25:10.144] ------




[21:25:10.190] [Forwarding server 40365] Got connection 1
[21:25:10.440] [Forwarding server 40365] Got connection 2
