[2023-04-04 21:25:06.637] [renderer3] [info] [attempt 1] Invoking resolveAuthority(ssh-remote)
[2023-04-04 21:25:10.149] [renderer3] [error] [Extension Host] (node:111214) [DEP0005] DeprecationWarning: Buffer() is deprecated due to security and usability issues. Please use the Buffer.alloc(), Buffer.allocUnsafe(), or Buffer.from() methods instead.
(Use `code --trace-deprecation ...` to show where the warning was created)
[2023-04-04 21:25:10.175] [renderer3] [info] [attempt 1] resolveAuthority(ssh-remote) returned '127.0.0.1:40365' after 3539 ms
[2023-04-04 21:25:54.667] [renderer3] [info] [attempt 1] Invoking resolveAuthority(ssh-remote)
[2023-04-04 21:25:57.101] [renderer3] [error] [Extension Host] (node:111263) [DEP0005] DeprecationWarning: Buffer() is deprecated due to security and usability issues. Please use the Buffer.alloc(), Buffer.allocUnsafe(), or Buffer.from() methods instead.
(Use `code --trace-deprecation ...` to show where the warning was created)
[2023-04-04 21:25:57.102] [renderer3] [info] [attempt 1] resolveAuthority(ssh-remote) returned '127.0.0.1:40833' after 2390 ms
[2023-04-04 22:38:10.133] [renderer3] [info] [remote-connection][ExtensionHost][ba4ff…][reconnect] received socket close event (wasClean: false, code: 1006, reason: ).
[2023-04-04 22:38:10.136] [renderer3] [error] {"isTrusted":true}
[2023-04-04 22:38:10.137] [renderer3] [info] [remote-connection][ExtensionHost][ba4ff…][reconnect] starting reconnecting loop. You can get more information with the trace log level.
[2023-04-04 22:38:10.137] [renderer3] [info] [remote-connection][ExtensionHost][ba4ff…][reconnect] resolving connection...
[2023-04-04 22:38:10.137] [renderer3] [info] [remote-connection][ExtensionHost][ba4ff…][reconnect] connecting to 127.0.0.1:40833...
[2023-04-04 22:38:10.143] [renderer3] [info] [remote-connection][Management   ][db4b0…][reconnect] received socket close event (wasClean: false, code: 1006, reason: ).
[2023-04-04 22:38:10.145] [renderer3] [error] {"isTrusted":true}
[2023-04-04 22:38:10.145] [renderer3] [info] [remote-connection][Management   ][db4b0…][reconnect] starting reconnecting loop. You can get more information with the trace log level.
[2023-04-04 22:38:10.169] [renderer3] [info] [remote-connection][Management   ][db4b0…][reconnect] resolving connection...
[2023-04-04 22:38:10.170] [renderer3] [info] Invoking resolveAuthority(ssh-remote)
[2023-04-04 22:38:15.061] [renderer3] [info] resolveAuthority(ssh-remote) returned '127.0.0.1:41561' after 4891 ms
[2023-04-04 22:38:15.062] [renderer3] [info] [remote-connection][Management   ][db4b0…][reconnect] connecting to 127.0.0.1:41561...
[2023-04-04 22:38:15.868] [renderer3] [info] [remote-connection][Management   ][db4b0…][reconnect] reconnected!
[2023-04-04 22:38:30.453] [renderer3] [info] [remote-connection][ExtensionHost][ba4ff…][reconnect] received socket timeout event (unacknowledgedMsgCount: 5, timeSinceOldestUnacknowledgedMsg: 20001, timeSinceLastReceivedSomeData: 3237352).
[2023-04-04 22:38:40.181] [renderer3] [error] [remote-connection][ExtensionHost][ba4ff…][reconnect][127.0.0.1:40833] socketFactory.connect() failed or timed out. Error:
[2023-04-04 22:38:40.182] [renderer3] [error] Error: Time limit reached
    at o._createTimeoutError (vscode-file://vscode-app/usr/share/code/resources/app/out/vs/workbench/workbench.desktop.main.js:630:6425)
    at o._timeout (vscode-file://vscode-app/usr/share/code/resources/app/out/vs/workbench/workbench.desktop.main.js:630:6371)
    at vscode-file://vscode-app/usr/share/code/resources/app/out/vs/workbench/workbench.desktop.main.js:630:6113
    at S.invoke (vscode-file://vscode-app/usr/share/code/resources/app/out/vs/workbench/workbench.desktop.main.js:83:145)
    at l.deliver (vscode-file://vscode-app/usr/share/code/resources/app/out/vs/workbench/workbench.desktop.main.js:83:2266)
    at a.fire (vscode-file://vscode-app/usr/share/code/resources/app/out/vs/workbench/workbench.desktop.main.js:83:1844)
    at R.cancel (vscode-file://vscode-app/usr/share/code/resources/app/out/vs/workbench/workbench.desktop.main.js:83:18923)
    at k.cancel (vscode-file://vscode-app/usr/share/code/resources/app/out/vs/workbench/workbench.desktop.main.js:83:19464)
    at vscode-file://vscode-app/usr/share/code/resources/app/out/vs/workbench/workbench.desktop.main.js:630:5583
[2023-04-04 22:38:40.183] [renderer3] [info] [remote-connection][ExtensionHost][ba4ff…][reconnect] A network error occurred while trying to reconnect, will try again...
[2023-04-04 22:38:40.183] [renderer3] [info] [remote-connection][ExtensionHost][ba4ff…][reconnect] waiting for 5 seconds before reconnecting...
[2023-04-04 22:38:45.183] [renderer3] [info] [remote-connection][ExtensionHost][ba4ff…][reconnect] resolving connection...
[2023-04-04 22:38:45.184] [renderer3] [info] [remote-connection][ExtensionHost][ba4ff…][reconnect] connecting to 127.0.0.1:41561...
[2023-04-04 22:38:45.773] [renderer3] [info] [remote-connection][ExtensionHost][ba4ff…][reconnect] reconnected!
[2023-04-04 22:42:10.220] [renderer3] [error] CodeExpectedError: WebSocket close with status code 1006
    at WebSocket.<anonymous> (vscode-file://vscode-app/usr/share/code/resources/app/out/vs/workbench/workbench.desktop.main.js:628:44173)
[2023-04-05 15:33:55.907] [renderer3] [info] [remote-connection][Management   ][db4b0…][reconnect] received socket close event (wasClean: false, code: 1006, reason: ).
[2023-04-05 15:33:55.909] [renderer3] [error] {"isTrusted":true}
[2023-04-05 15:33:55.909] [renderer3] [info] [remote-connection][Management   ][db4b0…][reconnect] starting reconnecting loop. You can get more information with the trace log level.
[2023-04-05 15:33:55.939] [renderer3] [info] [remote-connection][Management   ][db4b0…][reconnect] resolving connection...
[2023-04-05 15:33:55.940] [renderer3] [info] Invoking resolveAuthority(ssh-remote)
[2023-04-05 15:33:55.984] [renderer3] [info] [remote-connection][ExtensionHost][ba4ff…][reconnect] received socket close event (wasClean: false, code: 1006, reason: ).
[2023-04-05 15:33:55.984] [renderer3] [error] {"isTrusted":true}
[2023-04-05 15:33:55.985] [renderer3] [info] [remote-connection][ExtensionHost][ba4ff…][reconnect] starting reconnecting loop. You can get more information with the trace log level.
[2023-04-05 15:33:55.985] [renderer3] [info] [remote-connection][ExtensionHost][ba4ff…][reconnect] resolving connection...
[2023-04-05 15:33:59.065] [renderer3] [info] resolveAuthority(ssh-remote) returned '127.0.0.1:46515' after 3124 ms
[2023-04-05 15:33:59.066] [renderer3] [info] [remote-connection][Management   ][db4b0…][reconnect] connecting to 127.0.0.1:46515...
[2023-04-05 15:33:59.072] [renderer3] [info] [remote-connection][ExtensionHost][ba4ff…][reconnect] connecting to 127.0.0.1:46515...
[2023-04-05 15:33:59.484] [renderer3] [error] [remote-connection][Management   ][db4b0…][reconnect][127.0.0.1:46515] received error control message when negotiating connection. Error:
[2023-04-05 15:33:59.485] [renderer3] [error] Error: Connection error: Unknown reconnection token (never seen)
    at z (vscode-file://vscode-app/usr/share/code/resources/app/out/vs/workbench/workbench.desktop.main.js:630:19606)
    at vscode-file://vscode-app/usr/share/code/resources/app/out/vs/workbench/workbench.desktop.main.js:630:9403
    at S.invoke (vscode-file://vscode-app/usr/share/code/resources/app/out/vs/workbench/workbench.desktop.main.js:83:145)
    at l.deliver (vscode-file://vscode-app/usr/share/code/resources/app/out/vs/workbench/workbench.desktop.main.js:83:2266)
    at a.fire (vscode-file://vscode-app/usr/share/code/resources/app/out/vs/workbench/workbench.desktop.main.js:83:1844)
    at d.fire (vscode-file://vscode-app/usr/share/code/resources/app/out/vs/workbench/workbench.desktop.main.js:545:19365)
    at g._receiveMessage (vscode-file://vscode-app/usr/share/code/resources/app/out/vs/workbench/workbench.desktop.main.js:545:24227)
    at vscode-file://vscode-app/usr/share/code/resources/app/out/vs/workbench/workbench.desktop.main.js:545:23197
    at S.invoke (vscode-file://vscode-app/usr/share/code/resources/app/out/vs/workbench/workbench.desktop.main.js:83:145)
    at l.deliver (vscode-file://vscode-app/usr/share/code/resources/app/out/vs/workbench/workbench.desktop.main.js:83:2266)
    at a.fire (vscode-file://vscode-app/usr/share/code/resources/app/out/vs/workbench/workbench.desktop.main.js:83:1844)
    at a.acceptChunk (vscode-file://vscode-app/usr/share/code/resources/app/out/vs/workbench/workbench.desktop.main.js:545:16196)
    at vscode-file://vscode-app/usr/share/code/resources/app/out/vs/workbench/workbench.desktop.main.js:545:15326
    at vscode-file://vscode-app/usr/share/code/resources/app/out/vs/workbench/workbench.desktop.main.js:628:45361
    at S.invoke (vscode-file://vscode-app/usr/share/code/resources/app/out/vs/workbench/workbench.desktop.main.js:83:145)
    at l.deliver (vscode-file://vscode-app/usr/share/code/resources/app/out/vs/workbench/workbench.desktop.main.js:83:2266)
    at a.fire (vscode-file://vscode-app/usr/share/code/resources/app/out/vs/workbench/workbench.desktop.main.js:83:1844)
    at _fileReader.onload (vscode-file://vscode-app/usr/share/code/resources/app/out/vs/workbench/workbench.desktop.main.js:628:43292)
[2023-04-05 15:33:59.486] [renderer3] [error] [remote-connection][Management   ][db4b0…][reconnect] A permanent error occurred in the reconnecting loop! Will give up now! Error:
[2023-04-05 15:33:59.487] [renderer3] [error] Error: Connection error: Unknown reconnection token (never seen)
    at z (vscode-file://vscode-app/usr/share/code/resources/app/out/vs/workbench/workbench.desktop.main.js:630:19606)
    at vscode-file://vscode-app/usr/share/code/resources/app/out/vs/workbench/workbench.desktop.main.js:630:9403
    at S.invoke (vscode-file://vscode-app/usr/share/code/resources/app/out/vs/workbench/workbench.desktop.main.js:83:145)
    at l.deliver (vscode-file://vscode-app/usr/share/code/resources/app/out/vs/workbench/workbench.desktop.main.js:83:2266)
    at a.fire (vscode-file://vscode-app/usr/share/code/resources/app/out/vs/workbench/workbench.desktop.main.js:83:1844)
    at d.fire (vscode-file://vscode-app/usr/share/code/resources/app/out/vs/workbench/workbench.desktop.main.js:545:19365)
    at g._receiveMessage (vscode-file://vscode-app/usr/share/code/resources/app/out/vs/workbench/workbench.desktop.main.js:545:24227)
    at vscode-file://vscode-app/usr/share/code/resources/app/out/vs/workbench/workbench.desktop.main.js:545:23197
    at S.invoke (vscode-file://vscode-app/usr/share/code/resources/app/out/vs/workbench/workbench.desktop.main.js:83:145)
    at l.deliver (vscode-file://vscode-app/usr/share/code/resources/app/out/vs/workbench/workbench.desktop.main.js:83:2266)
    at a.fire (vscode-file://vscode-app/usr/share/code/resources/app/out/vs/workbench/workbench.desktop.main.js:83:1844)
    at a.acceptChunk (vscode-file://vscode-app/usr/share/code/resources/app/out/vs/workbench/workbench.desktop.main.js:545:16196)
    at vscode-file://vscode-app/usr/share/code/resources/app/out/vs/workbench/workbench.desktop.main.js:545:15326
    at vscode-file://vscode-app/usr/share/code/resources/app/out/vs/workbench/workbench.desktop.main.js:628:45361
    at S.invoke (vscode-file://vscode-app/usr/share/code/resources/app/out/vs/workbench/workbench.desktop.main.js:83:145)
    at l.deliver (vscode-file://vscode-app/usr/share/code/resources/app/out/vs/workbench/workbench.desktop.main.js:83:2266)
    at a.fire (vscode-file://vscode-app/usr/share/code/resources/app/out/vs/workbench/workbench.desktop.main.js:83:1844)
    at _fileReader.onload (vscode-file://vscode-app/usr/share/code/resources/app/out/vs/workbench/workbench.desktop.main.js:628:43292)
[2023-04-05 15:33:59.511] [renderer3] [error] Error: Unable to read file 'vscode-remote://ssh-remote+hust02/home/xyw/Code/.vscode/settings.json' (Canceled: Canceled)
    at h.doReadFileStream (vscode-file://vscode-app/usr/share/code/resources/app/out/vs/workbench/workbench.desktop.main.js:603:20089)
    at async h.doReadFile (vscode-file://vscode-app/usr/share/code/resources/app/out/vs/workbench/workbench.desktop.main.js:603:19045)
    at async vscode-file://vscode-app/usr/share/code/resources/app/out/vs/workbench/workbench.desktop.main.js:1347:10422
    at async Promise.all (index 0)
    at async Promise.all (index 0)
    at async h.resolveContents (vscode-file://vscode-app/usr/share/code/resources/app/out/vs/workbench/workbench.desktop.main.js:1347:10695)
    at async b.updateCache (vscode-file://vscode-app/usr/share/code/resources/app/out/vs/workbench/workbench.desktop.main.js:1347:28425)
[2023-04-05 15:33:59.513] [renderer3] [error] Error: Unable to read file 'vscode-remote://ssh-remote+hust02/home/xyw/Code/.vscode/tasks.json' (Canceled: Canceled)
    at h.doReadFileStream (vscode-file://vscode-app/usr/share/code/resources/app/out/vs/workbench/workbench.desktop.main.js:603:20089)
    at async h.doReadFile (vscode-file://vscode-app/usr/share/code/resources/app/out/vs/workbench/workbench.desktop.main.js:603:19045)
    at async vscode-file://vscode-app/usr/share/code/resources/app/out/vs/workbench/workbench.desktop.main.js:1347:10422
    at async Promise.all (index 0)
    at async Promise.all (index 1)
    at async h.resolveContents (vscode-file://vscode-app/usr/share/code/resources/app/out/vs/workbench/workbench.desktop.main.js:1347:10695)
    at async b.updateCache (vscode-file://vscode-app/usr/share/code/resources/app/out/vs/workbench/workbench.desktop.main.js:1347:28425)
[2023-04-05 15:33:59.514] [renderer3] [error] Error: Unable to read file 'vscode-remote://ssh-remote+hust02/home/xyw/Code/.vscode/launch.json' (Canceled: Canceled)
    at h.doReadFileStream (vscode-file://vscode-app/usr/share/code/resources/app/out/vs/workbench/workbench.desktop.main.js:603:20089)
    at async h.doReadFile (vscode-file://vscode-app/usr/share/code/resources/app/out/vs/workbench/workbench.desktop.main.js:603:19045)
    at async vscode-file://vscode-app/usr/share/code/resources/app/out/vs/workbench/workbench.desktop.main.js:1347:10422
    at async Promise.all (index 1)
    at async Promise.all (index 1)
    at async h.resolveContents (vscode-file://vscode-app/usr/share/code/resources/app/out/vs/workbench/workbench.desktop.main.js:1347:10695)
    at async b.updateCache (vscode-file://vscode-app/usr/share/code/resources/app/out/vs/workbench/workbench.desktop.main.js:1347:28425)
[2023-04-05 15:33:59.515] [renderer3] [error] Error: Unable to read file 'vscode-remote://ssh-remote+hust02/home/xyw/Code/.vscode/settings.json' (Canceled: Canceled)
    at h.doReadFileStream (vscode-file://vscode-app/usr/share/code/resources/app/out/vs/workbench/workbench.desktop.main.js:603:20089)
    at async h.doReadFile (vscode-file://vscode-app/usr/share/code/resources/app/out/vs/workbench/workbench.desktop.main.js:603:19045)
    at async vscode-file://vscode-app/usr/share/code/resources/app/out/vs/workbench/workbench.desktop.main.js:1347:10422
    at async Promise.all (index 0)
    at async Promise.all (index 0)
    at async h.resolveContents (vscode-file://vscode-app/usr/share/code/resources/app/out/vs/workbench/workbench.desktop.main.js:1347:10695)
    at async b.updateCache (vscode-file://vscode-app/usr/share/code/resources/app/out/vs/workbench/workbench.desktop.main.js:1347:28425)
[2023-04-05 15:33:59.516] [renderer3] [error] Error: Unable to read file 'vscode-remote://ssh-remote+hust02/home/xyw/Code/.vscode/tasks.json' (Canceled: Canceled)
    at h.doReadFileStream (vscode-file://vscode-app/usr/share/code/resources/app/out/vs/workbench/workbench.desktop.main.js:603:20089)
    at async h.doReadFile (vscode-file://vscode-app/usr/share/code/resources/app/out/vs/workbench/workbench.desktop.main.js:603:19045)
    at async vscode-file://vscode-app/usr/share/code/resources/app/out/vs/workbench/workbench.desktop.main.js:1347:10422
    at async Promise.all (index 0)
    at async Promise.all (index 1)
    at async h.resolveContents (vscode-file://vscode-app/usr/share/code/resources/app/out/vs/workbench/workbench.desktop.main.js:1347:10695)
    at async b.updateCache (vscode-file://vscode-app/usr/share/code/resources/app/out/vs/workbench/workbench.desktop.main.js:1347:28425)
[2023-04-05 15:33:59.518] [renderer3] [error] Error: Unable to read file 'vscode-remote://ssh-remote+hust02/home/xyw/Code/.vscode/launch.json' (Canceled: Canceled)
    at h.doReadFileStream (vscode-file://vscode-app/usr/share/code/resources/app/out/vs/workbench/workbench.desktop.main.js:603:20089)
    at async h.doReadFile (vscode-file://vscode-app/usr/share/code/resources/app/out/vs/workbench/workbench.desktop.main.js:603:19045)
    at async vscode-file://vscode-app/usr/share/code/resources/app/out/vs/workbench/workbench.desktop.main.js:1347:10422
    at async Promise.all (index 1)
    at async Promise.all (index 1)
    at async h.resolveContents (vscode-file://vscode-app/usr/share/code/resources/app/out/vs/workbench/workbench.desktop.main.js:1347:10695)
    at async b.updateCache (vscode-file://vscode-app/usr/share/code/resources/app/out/vs/workbench/workbench.desktop.main.js:1347:28425)
[2023-04-05 15:34:00.001] [renderer3] [error] [remote-connection][ExtensionHost][ba4ff…][reconnect][127.0.0.1:46515] received error control message when negotiating connection. Error:
[2023-04-05 15:34:00.001] [renderer3] [error] Error: Connection error: Unknown reconnection token (never seen)
    at z (vscode-file://vscode-app/usr/share/code/resources/app/out/vs/workbench/workbench.desktop.main.js:630:19606)
    at vscode-file://vscode-app/usr/share/code/resources/app/out/vs/workbench/workbench.desktop.main.js:630:9403
    at S.invoke (vscode-file://vscode-app/usr/share/code/resources/app/out/vs/workbench/workbench.desktop.main.js:83:145)
    at l.deliver (vscode-file://vscode-app/usr/share/code/resources/app/out/vs/workbench/workbench.desktop.main.js:83:2266)
    at a.fire (vscode-file://vscode-app/usr/share/code/resources/app/out/vs/workbench/workbench.desktop.main.js:83:1844)
    at d.fire (vscode-file://vscode-app/usr/share/code/resources/app/out/vs/workbench/workbench.desktop.main.js:545:19365)
    at g._receiveMessage (vscode-file://vscode-app/usr/share/code/resources/app/out/vs/workbench/workbench.desktop.main.js:545:24227)
    at vscode-file://vscode-app/usr/share/code/resources/app/out/vs/workbench/workbench.desktop.main.js:545:23197
    at S.invoke (vscode-file://vscode-app/usr/share/code/resources/app/out/vs/workbench/workbench.desktop.main.js:83:145)
    at l.deliver (vscode-file://vscode-app/usr/share/code/resources/app/out/vs/workbench/workbench.desktop.main.js:83:2266)
    at a.fire (vscode-file://vscode-app/usr/share/code/resources/app/out/vs/workbench/workbench.desktop.main.js:83:1844)
    at a.acceptChunk (vscode-file://vscode-app/usr/share/code/resources/app/out/vs/workbench/workbench.desktop.main.js:545:16196)
    at vscode-file://vscode-app/usr/share/code/resources/app/out/vs/workbench/workbench.desktop.main.js:545:15326
    at vscode-file://vscode-app/usr/share/code/resources/app/out/vs/workbench/workbench.desktop.main.js:628:45361
    at S.invoke (vscode-file://vscode-app/usr/share/code/resources/app/out/vs/workbench/workbench.desktop.main.js:83:145)
    at l.deliver (vscode-file://vscode-app/usr/share/code/resources/app/out/vs/workbench/workbench.desktop.main.js:83:2266)
    at a.fire (vscode-file://vscode-app/usr/share/code/resources/app/out/vs/workbench/workbench.desktop.main.js:83:1844)
    at _fileReader.onload (vscode-file://vscode-app/usr/share/code/resources/app/out/vs/workbench/workbench.desktop.main.js:628:43292)
[2023-04-05 15:34:00.001] [renderer3] [error] [remote-connection][ExtensionHost][ba4ff…][reconnect] A permanent error occurred in the reconnecting loop! Will give up now! Error:
[2023-04-05 15:34:00.002] [renderer3] [error] Error: Connection error: Unknown reconnection token (never seen)
    at z (vscode-file://vscode-app/usr/share/code/resources/app/out/vs/workbench/workbench.desktop.main.js:630:19606)
    at vscode-file://vscode-app/usr/share/code/resources/app/out/vs/workbench/workbench.desktop.main.js:630:9403
    at S.invoke (vscode-file://vscode-app/usr/share/code/resources/app/out/vs/workbench/workbench.desktop.main.js:83:145)
    at l.deliver (vscode-file://vscode-app/usr/share/code/resources/app/out/vs/workbench/workbench.desktop.main.js:83:2266)
    at a.fire (vscode-file://vscode-app/usr/share/code/resources/app/out/vs/workbench/workbench.desktop.main.js:83:1844)
    at d.fire (vscode-file://vscode-app/usr/share/code/resources/app/out/vs/workbench/workbench.desktop.main.js:545:19365)
    at g._receiveMessage (vscode-file://vscode-app/usr/share/code/resources/app/out/vs/workbench/workbench.desktop.main.js:545:24227)
    at vscode-file://vscode-app/usr/share/code/resources/app/out/vs/workbench/workbench.desktop.main.js:545:23197
    at S.invoke (vscode-file://vscode-app/usr/share/code/resources/app/out/vs/workbench/workbench.desktop.main.js:83:145)
    at l.deliver (vscode-file://vscode-app/usr/share/code/resources/app/out/vs/workbench/workbench.desktop.main.js:83:2266)
    at a.fire (vscode-file://vscode-app/usr/share/code/resources/app/out/vs/workbench/workbench.desktop.main.js:83:1844)
    at a.acceptChunk (vscode-file://vscode-app/usr/share/code/resources/app/out/vs/workbench/workbench.desktop.main.js:545:16196)
    at vscode-file://vscode-app/usr/share/code/resources/app/out/vs/workbench/workbench.desktop.main.js:545:15326
    at vscode-file://vscode-app/usr/share/code/resources/app/out/vs/workbench/workbench.desktop.main.js:628:45361
    at S.invoke (vscode-file://vscode-app/usr/share/code/resources/app/out/vs/workbench/workbench.desktop.main.js:83:145)
    at l.deliver (vscode-file://vscode-app/usr/share/code/resources/app/out/vs/workbench/workbench.desktop.main.js:83:2266)
    at a.fire (vscode-file://vscode-app/usr/share/code/resources/app/out/vs/workbench/workbench.desktop.main.js:83:1844)
    at _fileReader.onload (vscode-file://vscode-app/usr/share/code/resources/app/out/vs/workbench/workbench.desktop.main.js:628:43292)
[2023-04-05 15:43:17.475] [renderer3] [error] Unable to read file 'vscode-remote://ssh-remote+hust02/home/xyw/Code/recruitment-2022-spring/task2-simd/main.cpp' (Canceled: Canceled): Error: Unable to read file 'vscode-remote://ssh-remote+hust02/home/xyw/Code/recruitment-2022-spring/task2-simd/main.cpp' (Canceled: Canceled)
    at h.doReadFileStream (vscode-file://vscode-app/usr/share/code/resources/app/out/vs/workbench/workbench.desktop.main.js:603:20089)
    at async p.doRead (vscode-file://vscode-app/usr/share/code/resources/app/out/vs/workbench/workbench.desktop.main.js:2763:42714)
    at async p.readStream (vscode-file://vscode-app/usr/share/code/resources/app/out/vs/workbench/workbench.desktop.main.js:2763:42389)
    at async kr.resolveFromFile (vscode-file://vscode-app/usr/share/code/resources/app/out/vs/workbench/workbench.desktop.main.js:2752:68593)
    at async vscode-file://vscode-app/usr/share/code/resources/app/out/vs/workbench/workbench.desktop.main.js:2763:36858
[2023-04-05 15:48:18.013] [renderer3] [error] Unable to read file 'vscode-remote://ssh-remote+hust02/home/xyw/Code/recruitment-2022-spring/task2-simd/main.cpp' (Canceled: Canceled): Error: Unable to read file 'vscode-remote://ssh-remote+hust02/home/xyw/Code/recruitment-2022-spring/task2-simd/main.cpp' (Canceled: Canceled)
    at h.doReadFileStream (vscode-file://vscode-app/usr/share/code/resources/app/out/vs/workbench/workbench.desktop.main.js:603:20089)
    at async p.doRead (vscode-file://vscode-app/usr/share/code/resources/app/out/vs/workbench/workbench.desktop.main.js:2763:42714)
    at async p.readStream (vscode-file://vscode-app/usr/share/code/resources/app/out/vs/workbench/workbench.desktop.main.js:2763:42389)
    at async kr.resolveFromFile (vscode-file://vscode-app/usr/share/code/resources/app/out/vs/workbench/workbench.desktop.main.js:2752:68593)
    at async vscode-file://vscode-app/usr/share/code/resources/app/out/vs/workbench/workbench.desktop.main.js:2763:36858
[2023-04-05 15:48:20.366] [renderer3] [error] Unable to read file 'vscode-remote://ssh-remote+hust02/home/xyw/Code/recruitment-2022-spring/task2-simd/main.cpp' (Canceled: Canceled): Error: Unable to read file 'vscode-remote://ssh-remote+hust02/home/xyw/Code/recruitment-2022-spring/task2-simd/main.cpp' (Canceled: Canceled)
    at h.doReadFileStream (vscode-file://vscode-app/usr/share/code/resources/app/out/vs/workbench/workbench.desktop.main.js:603:20089)
    at async p.doRead (vscode-file://vscode-app/usr/share/code/resources/app/out/vs/workbench/workbench.desktop.main.js:2763:42714)
    at async p.readStream (vscode-file://vscode-app/usr/share/code/resources/app/out/vs/workbench/workbench.desktop.main.js:2763:42389)
    at async kr.resolveFromFile (vscode-file://vscode-app/usr/share/code/resources/app/out/vs/workbench/workbench.desktop.main.js:2752:68593)
    at async vscode-file://vscode-app/usr/share/code/resources/app/out/vs/workbench/workbench.desktop.main.js:2763:36858
[2023-04-05 15:48:25.234] [renderer3] [error] Unable to read file 'vscode-remote://ssh-remote+hust02/home/xyw/Code/recruitment-2022-spring/task2-simd/main.cpp' (Canceled: Canceled): Error: Unable to read file 'vscode-remote://ssh-remote+hust02/home/xyw/Code/recruitment-2022-spring/task2-simd/main.cpp' (Canceled: Canceled)
    at h.doReadFileStream (vscode-file://vscode-app/usr/share/code/resources/app/out/vs/workbench/workbench.desktop.main.js:603:20089)
    at async p.doRead (vscode-file://vscode-app/usr/share/code/resources/app/out/vs/workbench/workbench.desktop.main.js:2763:42714)
    at async p.readStream (vscode-file://vscode-app/usr/share/code/resources/app/out/vs/workbench/workbench.desktop.main.js:2763:42389)
    at async kr.resolveFromFile (vscode-file://vscode-app/usr/share/code/resources/app/out/vs/workbench/workbench.desktop.main.js:2752:68593)
    at async vscode-file://vscode-app/usr/share/code/resources/app/out/vs/workbench/workbench.desktop.main.js:2763:36858
